<?xml version="1.0" encoding="UTF-8"?>
<!-- Generated by org.testng.reporters.JUnitXMLReporter -->
<testsuite ignored="0" hostname="ATMECSINLT-083" failures="0" tests="3" name="Default test" time="41.341" errors="0" timestamp="30 Sep 2019 14:23:50 GMT">
  <testcase classname="com.atmecs.testscripts.TestCases" name="Validatingfooter" time="20.051"/>
  <testcase classname="com.atmecs.testscripts.TestCases" name="Services" time="5.578"/>
  <testcase classname="com.atmecs.testscripts.TestCases" name="insights" time="9.689"/>
</testsuite> <!-- Default test -->
