<?xml version="1.0" encoding="UTF-8"?>
<!-- Generated by org.testng.reporters.JUnitXMLReporter -->
<testsuite ignored="0" hostname="ATMECSINLT-083" failures="0" tests="3" name="Default test" time="52.808" errors="0" timestamp="27 Sep 2019 13:14:57 GMT">
  <testcase classname="com.atmecs.testscripts.TestCases" name="Validatingfooter" time="7.086"/>
  <testcase classname="com.atmecs.testscripts.TestCases" name="Services" time="8.214"/>
  <testcase classname="com.atmecs.testscripts.TestCases" name="insights" time="15.907"/>
</testsuite> <!-- Default test -->
