<?xml version="1.0" encoding="UTF-8"?>
<!-- Generated by org.testng.reporters.JUnitXMLReporter -->
<testsuite ignored="0" hostname="ATMECSINLT-083" failures="0" tests="3" name="Test" time="42.628" errors="0" timestamp="30 Sep 2019 05:10:58 GMT">
  <testcase classname="com.atmecs.testscripts.TestCases" name="Validatingfooter" time="5.657"/>
  <testcase classname="com.atmecs.testscripts.TestCases" name="Services" time="5.045"/>
  <testcase classname="com.atmecs.testscripts.TestCases" name="insights" time="12.435"/>
</testsuite> <!-- Test -->
