<?xml version="1.0" encoding="UTF-8"?>
<!-- Generated by org.testng.reporters.JUnitXMLReporter -->
<testsuite ignored="0" hostname="ATMECSINLT-083" failures="0" tests="3" name="Test" time="51.611" errors="0" timestamp="27 Sep 2019 13:34:20 GMT">
  <testcase classname="com.atmecs.testscripts.TestCases" name="Validatingfooter" time="6.58"/>
  <testcase classname="com.atmecs.testscripts.TestCases" name="Services" time="6.75"/>
  <testcase classname="com.atmecs.testscripts.TestCases" name="insights" time="17.147"/>
</testsuite> <!-- Test -->
