<?xml version="1.0" encoding="UTF-8"?>
<testng-results ignored="0" total="3" passed="3" failed="0" skipped="0">
  <reporter-output>
  </reporter-output>
  <suite started-at="2019-09-27T13:33:29Z" name="Suite" finished-at="2019-09-27T13:34:20Z" duration-ms="51611">
    <groups>
    </groups>
    <test started-at="2019-09-27T13:33:29Z" name="Test" finished-at="2019-09-27T13:34:20Z" duration-ms="51611">
      <class name="com.atmecs.testscripts.TestCases">
        <test-method is-config="true" signature="initializeBrowser()[pri:0, instance:com.atmecs.testscripts.TestCases@4445629]" started-at="2019-09-27T13:33:29Z" name="initializeBrowser" finished-at="2019-09-27T13:33:50Z" duration-ms="21082" status="PASS">
          <reporter-output>
          </reporter-output>
        </test-method> <!-- initializeBrowser -->
        <test-method signature="Validatingfooter()[pri:1, instance:com.atmecs.testscripts.TestCases@4445629]" started-at="2019-09-27T13:33:50Z" name="Validatingfooter" finished-at="2019-09-27T13:33:56Z" duration-ms="6580" status="PASS">
          <reporter-output>
          </reporter-output>
        </test-method> <!-- Validatingfooter -->
        <test-method signature="Services()[pri:2, instance:com.atmecs.testscripts.TestCases@4445629]" started-at="2019-09-27T13:33:56Z" name="Services" finished-at="2019-09-27T13:34:03Z" duration-ms="6750" status="PASS">
          <reporter-output>
          </reporter-output>
        </test-method> <!-- Services -->
        <test-method signature="insights()[pri:3, instance:com.atmecs.testscripts.TestCases@4445629]" started-at="2019-09-27T13:34:03Z" name="insights" finished-at="2019-09-27T13:34:20Z" duration-ms="17147" status="PASS">
          <reporter-output>
          </reporter-output>
        </test-method> <!-- insights -->
        <test-method is-config="true" signature="closeBrowser()[pri:0, instance:com.atmecs.testscripts.TestCases@4445629]" started-at="2019-09-27T13:34:20Z" name="closeBrowser" finished-at="2019-09-27T13:34:22Z" duration-ms="1358" status="PASS">
          <reporter-output>
          </reporter-output>
        </test-method> <!-- closeBrowser -->
      </class> <!-- com.atmecs.testscripts.TestCases -->
    </test> <!-- Test -->
  </suite> <!-- Suite -->
</testng-results>
