<?xml version="1.0" encoding="UTF-8"?>
<testsuite xmlns:xsi="http://www.w3.org/2001/XMLSchema-instance" xsi:noNamespaceSchemaLocation="https://maven.apache.org/surefire/maven-surefire-plugin/xsd/surefire-test-report-3.0.xsd" version="3.0" name="TestSuite" time="44.939" tests="3" errors="0" skipped="0" failures="3">
  <properties>
[...]
</properties>
  <testcase name="Validatingfooter" classname="com.atmecs.testscripts.TestCases" time="3.992">
    <failure type="java.lang.NullPointerException">java.lang.NullPointerException
	at com.atmecs.testscripts.TestCases.Validatingfooter(TestCases.java:28)
</failure>
    <system-err><![CDATA[Starting ChromeDriver 76.0.3809.126 (d80a294506b4c9d18015e755cee48f953ddc3f2f-refs/branch-heads/3809@{#1024}) on port 10772
Only local connections are allowed.
Please protect ports used by ChromeDriver and related test frameworks to prevent access by malicious code.
[1569567631.450][WARNING]: This version of ChromeDriver has not been tested with Chrome version 77.
[1569567633.670][WARNING]: Timed out connecting to Chrome, retrying...
Sep 27, 2019 12:30:35 PM org.openqa.selenium.remote.ProtocolHandshake createSession
INFO: Detected dialect: W3C
[1569567654.385][WARNING]: Timed out connecting to Chrome, retrying...
]]></system-err>
  </testcase>
  <testcase name="Services" classname="com.atmecs.testscripts.TestCases" time="6.589">
    <failure type="java.lang.NullPointerException">java.lang.NullPointerException
	at com.atmecs.testscripts.TestCases.Services(TestCases.java:40)
</failure>
  </testcase>
  <testcase name="insights" classname="com.atmecs.testscripts.TestCases" time="3.683">
    <failure message="element click intercepted: Element &lt;a href=&quot;http://www.atmecs.com/debunking-myths-about-ai/&quot; title=&quot;Debunking Myths about AI&quot; class=&quot;vc_gitem-link vc-zone-link&quot;&gt;&lt;/a&gt; is not clickable at point (235, 319). Other element would receive the click: &lt;a href=&quot;http://www.atmecs.com/debunking-myths-about-ai/&quot; title=&quot;Debunking Myths about AI&quot; class=&quot;vc_gitem-link vc-zone-link&quot;&gt;&lt;/a&gt;&#10;  (Session info: chrome=77.0.3865.90)&#10;Build info: version: &apos;3.141.59&apos;, revision: &apos;e82be7d358&apos;, time: &apos;2018-11-14T08:17:03&apos;&#10;System info: host: &apos;ATMECSINLT-083&apos;, ip: &apos;55.55.52.90&apos;, os.name: &apos;Windows 10&apos;, os.arch: &apos;amd64&apos;, os.version: &apos;10.0&apos;, java.version: &apos;12.0.1&apos;&#10;Driver info: org.openqa.selenium.chrome.ChromeDriver&#10;Capabilities {acceptInsecureCerts: false, browserName: chrome, browserVersion: 77.0.3865.90, chrome: {chromedriverVersion: 76.0.3809.126 (d80a294506b4..., userDataDir: C:\Users\SAIANU~1.POD\AppDa...}, goog:chromeOptions: {debuggerAddress: localhost:55692}, javascriptEnabled: true, networkConnectionEnabled: false, pageLoadStrategy: normal, platform: XP, platformName: XP, proxy: Proxy(), setWindowRect: true, strictFileInteractability: false, timeouts: {implicit: 0, pageLoad: 300000, script: 30000}, unhandledPromptBehavior: dismiss and notify}&#10;Session ID: 4708aa1de5d07ab22c614760584420a9" type="org.openqa.selenium.ElementClickInterceptedException"><![CDATA[org.openqa.selenium.ElementClickInterceptedException: 
element click intercepted: Element <a href="http://www.atmecs.com/debunking-myths-about-ai/" title="Debunking Myths about AI" class="vc_gitem-link vc-zone-link"></a> is not clickable at point (235, 319). Other element would receive the click: <a href="http://www.atmecs.com/debunking-myths-about-ai/" title="Debunking Myths about AI" class="vc_gitem-link vc-zone-link"></a>
  (Session info: chrome=77.0.3865.90)
Build info: version: '3.141.59', revision: 'e82be7d358', time: '2018-11-14T08:17:03'
System info: host: 'ATMECSINLT-083', ip: '55.55.52.90', os.name: 'Windows 10', os.arch: 'amd64', os.version: '10.0', java.version: '12.0.1'
Driver info: org.openqa.selenium.chrome.ChromeDriver
Capabilities {acceptInsecureCerts: false, browserName: chrome, browserVersion: 77.0.3865.90, chrome: {chromedriverVersion: 76.0.3809.126 (d80a294506b4..., userDataDir: C:\Users\SAIANU~1.POD\AppDa...}, goog:chromeOptions: {debuggerAddress: localhost:55692}, javascriptEnabled: true, networkConnectionEnabled: false, pageLoadStrategy: normal, platform: XP, platformName: XP, proxy: Proxy(), setWindowRect: true, strictFileInteractability: false, timeouts: {implicit: 0, pageLoad: 300000, script: 30000}, unhandledPromptBehavior: dismiss and notify}
Session ID: 4708aa1de5d07ab22c614760584420a9
	at com.atmecs.testscripts.TestCases.insights(TestCases.java:49)
]]></failure>
  </testcase>
</testsuite>